build/outputs/logs/manifest-merger-release-report.txt
-- Merging decision tree log ---
manifest
ADDED from Desktop/libvlc-android-sample-master/AndroidManifest.xml:2:1-36:12
INJECTED from Desktop/libvlc-android-sample-master/AndroidManifest.xml:2:1-36:12
INJECTED from Desktop/libvlc-android-sample-master/AndroidManifest.xml:2:1-36:12
INJECTED from Desktop/libvlc-android-sample-master/AndroidManifest.xml:2:1-36:12
MERGED from [de.mrmaffen:vlc-android-sdk:1.9.8] AndroidManifest.xml:2:1-12:12
MERGED from [com.android.support:support-v4:23.1.1] AndroidManifest.xml:17:1-24:12
INJECTED from Desktop/libvlc-android-sample-master/AndroidManifest.xml:2:1-36:12
INJECTED from Desktop/libvlc-android-sample-master/AndroidManifest.xml:2:1-36:12
INJECTED from Desktop/libvlc-android-sample-master/AndroidManifest.xml:2:1-36:12
	package
		ADDED from Desktop/libvlc-android-sample-master/AndroidManifest.xml:3:5-50
		INJECTED from Desktop/libvlc-android-sample-master/AndroidManifest.xml
		INJECTED from Desktop/libvlc-android-sample-master/AndroidManifest.xml
	android:versionName
		ADDED from Desktop/libvlc-android-sample-master/AndroidManifest.xml:5:5-30
		INJECTED from Desktop/libvlc-android-sample-master/AndroidManifest.xml
		INJECTED from Desktop/libvlc-android-sample-master/AndroidManifest.xml
	xmlns:android
		ADDED from Desktop/libvlc-android-sample-master/AndroidManifest.xml:2:11-69
	android:versionCode
		ADDED from Desktop/libvlc-android-sample-master/AndroidManifest.xml:4:5-28
		INJECTED from Desktop/libvlc-android-sample-master/AndroidManifest.xml
		INJECTED from Desktop/libvlc-android-sample-master/AndroidManifest.xml
uses-sdk
ADDED from Desktop/libvlc-android-sample-master/AndroidManifest.xml:7:5-9:41
INJECTED from Desktop/libvlc-android-sample-master/AndroidManifest.xml:7:5-9:41
INJECTED from Desktop/libvlc-android-sample-master/AndroidManifest.xml:7:5-9:41
MERGED from [de.mrmaffen:vlc-android-sdk:1.9.8] AndroidManifest.xml:8:5-10:41
MERGED from [de.mrmaffen:vlc-android-sdk:1.9.8] AndroidManifest.xml:8:5-10:41
MERGED from [com.android.support:support-v4:23.1.1] AndroidManifest.xml:20:5-43
MERGED from [com.android.support:support-v4:23.1.1] AndroidManifest.xml:20:5-43
INJECTED from Desktop/libvlc-android-sample-master/AndroidManifest.xml:7:5-9:41
INJECTED from Desktop/libvlc-android-sample-master/AndroidManifest.xml:7:5-9:41
	android:targetSdkVersion
		ADDED from Desktop/libvlc-android-sample-master/AndroidManifest.xml:9:9-38
		INJECTED from Desktop/libvlc-android-sample-master/AndroidManifest.xml
		INJECTED from Desktop/libvlc-android-sample-master/AndroidManifest.xml
	android:minSdkVersion
		ADDED from Desktop/libvlc-android-sample-master/AndroidManifest.xml:8:9-35
		INJECTED from Desktop/libvlc-android-sample-master/AndroidManifest.xml
		INJECTED from Desktop/libvlc-android-sample-master/AndroidManifest.xml
uses-permission#android.permission.MODIFY_AUDIO_SETTINGS
ADDED from Desktop/libvlc-android-sample-master/AndroidManifest.xml:10:5-80
	android:name
		ADDED from Desktop/libvlc-android-sample-master/AndroidManifest.xml:10:22-77
uses-permission#android.permission.READ_EXTERNAL_STORAGE
ADDED from Desktop/libvlc-android-sample-master/AndroidManifest.xml:11:5-79
	android:name
		ADDED from Desktop/libvlc-android-sample-master/AndroidManifest.xml:11:22-77
uses-permission#android.permission.INTERNET
ADDED from Desktop/libvlc-android-sample-master/AndroidManifest.xml:12:5-66
	android:name
		ADDED from Desktop/libvlc-android-sample-master/AndroidManifest.xml:12:22-64
application
ADDED from Desktop/libvlc-android-sample-master/AndroidManifest.xml:14:5-34:19
MERGED from [com.android.support:support-v4:23.1.1] AndroidManifest.xml:22:5-20
MERGED from [com.android.support:support-v4:23.1.1] AndroidManifest.xml:22:5-20
	android:label
		ADDED from Desktop/libvlc-android-sample-master/AndroidManifest.xml:17:9-41
	android:icon
		ADDED from Desktop/libvlc-android-sample-master/AndroidManifest.xml:16:9-45
	android:allowBackup
		ADDED from Desktop/libvlc-android-sample-master/AndroidManifest.xml:15:9-35
	android:theme
		ADDED from Desktop/libvlc-android-sample-master/AndroidManifest.xml:18:9-40
activity#com.compdigitec.libvlcandroidsample.MainActivity
ADDED from Desktop/libvlc-android-sample-master/AndroidManifest.xml:19:9-27:20
	android:label
		ADDED from Desktop/libvlc-android-sample-master/AndroidManifest.xml:21:13-45
	android:name
		ADDED from Desktop/libvlc-android-sample-master/AndroidManifest.xml:20:13-76
intent-filter#action:name:android.intent.action.MAIN+category:name:android.intent.category.LAUNCHER
ADDED from Desktop/libvlc-android-sample-master/AndroidManifest.xml:22:13-26:29
action#android.intent.action.MAIN
ADDED from Desktop/libvlc-android-sample-master/AndroidManifest.xml:23:17-69
	android:name
		ADDED from Desktop/libvlc-android-sample-master/AndroidManifest.xml:23:25-66
category#android.intent.category.LAUNCHER
ADDED from Desktop/libvlc-android-sample-master/AndroidManifest.xml:25:17-77
	android:name
		ADDED from Desktop/libvlc-android-sample-master/AndroidManifest.xml:25:27-74
activity#com.compdigitec.libvlcandroidsample.VideoActivity
ADDED from Desktop/libvlc-android-sample-master/AndroidManifest.xml:28:9-33:20
	android:label
		ADDED from Desktop/libvlc-android-sample-master/AndroidManifest.xml:31:13-42
	android:configChanges
		ADDED from Desktop/libvlc-android-sample-master/AndroidManifest.xml:30:13-59
	android:theme
		ADDED from Desktop/libvlc-android-sample-master/AndroidManifest.xml:32:13-71
	android:name
		ADDED from Desktop/libvlc-android-sample-master/AndroidManifest.xml:29:13-77